Using pre-set license
Built from '2020.3/staging' branch; Version is '2020.3.28f1 (f5400f52e03f) revision 16072719'; Using compiler version '192528614'; Build Type 'Release'
OS: 'Windows 10  (10.0.19044) 64bit Professional' Language: 'pt' Physical Memory: 16335 MB
BatchMode: 1, IsHumanControllingUs: 0, StartBugReporterOnCrash: 0, Is64bit: 1, IsPro: 0

COMMAND LINE ARGUMENTS:
C:\Program Files\Unity\Hub\Editor\2020.3.28f1\Editor\Unity.exe
-adb2
-batchMode
-noUpm
-name
AssetImportWorker0
-projectPath
D:/Projeto Unity/Smaug 3 Semestre
-logFile
Logs/AssetImportWorker0.log
-srvPort
58137
Successfully changed project path to: D:/Projeto Unity/Smaug 3 Semestre
D:/Projeto Unity/Smaug 3 Semestre
Using Asset Import Pipeline V2.
Refreshing native plugins compatible for Editor in 36.10 ms, found 2 plugins.
Preloading 0 native plugins for Editor in 0.00 ms.
Initialize engine version: 2020.3.28f1 (f5400f52e03f)
[Subsystems] Discovering subsystems at path C:/Program Files/Unity/Hub/Editor/2020.3.28f1/Editor/Data/Resources/UnitySubsystems
[Subsystems] Discovering subsystems at path D:/Projeto Unity/Smaug 3 Semestre/Assets
GfxDevice: creating device client; threaded=0
Direct3D:
    Version:  Direct3D 11.0 [level 11.1]
    Renderer: NVIDIA GeForce GTX 1060 6GB (ID=0x1c03)
    Vendor:   
    VRAM:     6052 MB
    Driver:   30.0.15.1165
Initialize mono
Mono path[0] = 'C:/Program Files/Unity/Hub/Editor/2020.3.28f1/Editor/Data/Managed'
Mono path[1] = 'C:/Program Files/Unity/Hub/Editor/2020.3.28f1/Editor/Data/MonoBleedingEdge/lib/mono/unityjit'
Mono config path = 'C:/Program Files/Unity/Hub/Editor/2020.3.28f1/Editor/Data/MonoBleedingEdge/etc'
Using monoOptions --debugger-agent=transport=dt_socket,embedding=1,server=y,suspend=n,address=127.0.0.1:56364
Begin MonoManager ReloadAssembly
Registering precompiled unity dll's ...
Register platform support module: C:/Program Files/Unity/Hub/Editor/2020.3.28f1/Editor/Data/PlaybackEngines/WindowsStandaloneSupport/UnityEditor.WindowsStandalone.Extensions.dll
Registered in 0.002214 seconds.
Native extension for WindowsStandalone target not found
Refreshing native plugins compatible for Editor in 34.25 ms, found 2 plugins.
Preloading 0 native plugins for Editor in 0.00 ms.
Mono: successfully reloaded assembly
- Completed reload, in  0.654 seconds
Domain Reload Profiling:
	ReloadAssembly (654ms)
		BeginReloadAssembly (71ms)
			ExecutionOrderSort (0ms)
			DisableScriptedObjects (0ms)
			BackupInstance (0ms)
			ReleaseScriptingObjects (0ms)
			CreateAndSetChildDomain (1ms)
		EndReloadAssembly (499ms)
			LoadAssemblies (68ms)
			RebuildTransferFunctionScriptingTraits (0ms)
			SetupTypeCache (171ms)
			ReleaseScriptCaches (0ms)
			RebuildScriptCaches (31ms)
			SetupLoadedEditorAssemblies (186ms)
				LogAssemblyErrors (0ms)
				InitializePlatformSupportModulesInManaged (6ms)
				SetLoadedEditorAssemblies (0ms)
				RefreshPlugins (34ms)
				BeforeProcessingInitializeOnLoad (17ms)
				ProcessInitializeOnLoadAttributes (95ms)
				ProcessInitializeOnLoadMethodAttributes (33ms)
				AfterProcessingInitializeOnLoad (0ms)
				EditorAssembliesLoaded (0ms)
			ExecutionOrderSort2 (0ms)
			AwakeInstancesAfterBackupRestoration (0ms)
Platform modules already initialized, skipping
Registering precompiled user dll's ...
Registered in 0.004447 seconds.
Begin MonoManager ReloadAssembly
Native extension for WindowsStandalone target not found
Refreshing native plugins compatible for Editor in 0.37 ms, found 2 plugins.
Preloading 0 native plugins for Editor in 0.00 ms.
Mono: successfully reloaded assembly
- Completed reload, in  1.143 seconds
Domain Reload Profiling:
	ReloadAssembly (1144ms)
		BeginReloadAssembly (170ms)
			ExecutionOrderSort (0ms)
			DisableScriptedObjects (6ms)
			BackupInstance (0ms)
			ReleaseScriptingObjects (0ms)
			CreateAndSetChildDomain (20ms)
		EndReloadAssembly (903ms)
			LoadAssemblies (104ms)
			RebuildTransferFunctionScriptingTraits (0ms)
			SetupTypeCache (309ms)
			ReleaseScriptCaches (0ms)
			RebuildScriptCaches (45ms)
			SetupLoadedEditorAssemblies (340ms)
				LogAssemblyErrors (0ms)
				InitializePlatformSupportModulesInManaged (5ms)
				SetLoadedEditorAssemblies (1ms)
				RefreshPlugins (0ms)
				BeforeProcessingInitializeOnLoad (91ms)
				ProcessInitializeOnLoadAttributes (223ms)
				ProcessInitializeOnLoadMethodAttributes (11ms)
				AfterProcessingInitializeOnLoad (8ms)
				EditorAssembliesLoaded (0ms)
			ExecutionOrderSort2 (0ms)
			AwakeInstancesAfterBackupRestoration (8ms)
Platform modules already initialized, skipping
========================================================================
Worker process is ready to serve import requests
Launched and connected shader compiler UnityShaderCompiler.exe after 0.21 seconds
Refreshing native plugins compatible for Editor in 0.38 ms, found 2 plugins.
Preloading 0 native plugins for Editor in 0.00 ms.
Unloading 1502 Unused Serialized files (Serialized files now loaded: 0)
System memory in use before: 67.5 MB.
System memory in use after: 67.5 MB.

Unloading 19 unused Assets to reduce memory usage. Loaded Objects now: 1934.
Total: 3.275600 ms (FindLiveObjects: 0.177600 ms CreateObjectMapping: 0.045300 ms MarkObjects: 2.976600 ms  DeleteObjects: 0.075000 ms)

AssetImportParameters requested are different than current active one (requested -> active):
  custom:framework-win-MediaFoundation: 216162199b28c13a410421893ffa2e32 -> 
  custom:video-decoder-ogg-theora: a1e56fd34408186e4bbccfd4996cb3dc -> 
  custom:container-muxer-webm: aa71ff27fc2769a1b78a27578f13a17b -> 
  custom:container-demuxer-webm: 4f35f7cbe854078d1ac9338744f61a02 -> 
  custom:container-demuxer-ogg: 62fdf1f143b41e24485cea50d1cbac27 -> 
  custom:video-encoder-webm-vp8: eb34c28f22e8b96e1ab97ce403110664 -> 
  custom:video-decoder-webm-vp8: 9c59270c3fd7afecdb556c50c9e8de78 -> 
  custom:audio-decoder-ogg-vorbis: bf7c407c2cedff20999df2af8eb42d56 -> 
  custom:audio-encoder-webm-vorbis: bf7c407c2cedff20999df2af8eb42d56 -> 
========================================================================
Received Import Request.
  path: Assets
  artifactKey: Guid(00000000000000001000000000000000) Importer(815301076,1909f56bfc062723c751e8b465ee728b)
Start importing Assets using Guid(00000000000000001000000000000000) Importer(815301076,1909f56bfc062723c751e8b465ee728b)  -> (artifact id: '42d402b061de3733987d63b9cc3b64de') in 0.010732 seconds 
  Import took 0.013150 seconds .

========================================================================
Received Import Request.
  Time since last request: 0.000315 seconds.
  path: Assets/Scrpts
  artifactKey: Guid(9b50fddecf2d5b64d8f3dc66d9dc97da) Importer(815301076,1909f56bfc062723c751e8b465ee728b)
Start importing Assets/Scrpts using Guid(9b50fddecf2d5b64d8f3dc66d9dc97da) Importer(815301076,1909f56bfc062723c751e8b465ee728b)  -> (artifact id: 'da2aeb6c1fe394b207214434f2f6c1c8') in 0.007608 seconds 
  Import took 0.012128 seconds .

========================================================================
Received Import Request.
  Time since last request: 14.447388 seconds.
  path: Assets/3D Models
  artifactKey: Guid(75600611f8611a5479a80a4f029ed727) Importer(815301076,1909f56bfc062723c751e8b465ee728b)
Start importing Assets/3D Models using Guid(75600611f8611a5479a80a4f029ed727) Importer(815301076,1909f56bfc062723c751e8b465ee728b)  -> (artifact id: '9b0288b7035d3ea785f3750cd9e01a88') in 0.008905 seconds 
  Import took 0.011818 seconds .

========================================================================
Received Import Request.
  Time since last request: 7.914087 seconds.
  path: Assets/UI
  artifactKey: Guid(a5411a412adb1fd4187f73dd2da48d1c) Importer(815301076,1909f56bfc062723c751e8b465ee728b)
Start importing Assets/UI using Guid(a5411a412adb1fd4187f73dd2da48d1c) Importer(815301076,1909f56bfc062723c751e8b465ee728b)  -> (artifact id: 'f07d2c429559d15f1464311db8eca156') in 0.005886 seconds 
  Import took 0.021417 seconds .

========================================================================
Received Import Request.
  Time since last request: 11.878982 seconds.
  path: Assets/Scenes
  artifactKey: Guid(0eabca9883dcacc4297a7a3b092a2a9f) Importer(815301076,1909f56bfc062723c751e8b465ee728b)
Start importing Assets/Scenes using Guid(0eabca9883dcacc4297a7a3b092a2a9f) Importer(815301076,1909f56bfc062723c751e8b465ee728b)  -> (artifact id: '8e20c6e5bcd95b3216d23a1add6b5c9c') in 0.006409 seconds 
  Import took 0.017519 seconds .

========================================================================
Received Import Request.
  Time since last request: 14.314396 seconds.
  path: Assets/Animin
  artifactKey: Guid(402fbcb11238c3a48802c7ec6415fbb8) Importer(815301076,1909f56bfc062723c751e8b465ee728b)
Start importing Assets/Animin using Guid(402fbcb11238c3a48802c7ec6415fbb8) Importer(815301076,1909f56bfc062723c751e8b465ee728b)  -> (artifact id: '490744d89ae40600d8a3226cbfa27cb6') in 0.005868 seconds 
  Import took 0.011427 seconds .

========================================================================
Received Import Request.
  Time since last request: 13.199405 seconds.
  path: Assets/Character Controllers
  artifactKey: Guid(efde10b89b3696644a99f69b88c690e1) Importer(815301076,1909f56bfc062723c751e8b465ee728b)
Start importing Assets/Character Controllers using Guid(efde10b89b3696644a99f69b88c690e1) Importer(815301076,1909f56bfc062723c751e8b465ee728b)  -> (artifact id: 'daa4b2aeba5d06bad25cdebae6569778') in 0.005992 seconds 
  Import took 0.008564 seconds .

========================================================================
Received Import Request.
  Time since last request: 16.126957 seconds.
  path: Assets/Audio
  artifactKey: Guid(b315ede8bf4ea5e49ab078b3510ec8b7) Importer(815301076,1909f56bfc062723c751e8b465ee728b)
Start importing Assets/Audio using Guid(b315ede8bf4ea5e49ab078b3510ec8b7) Importer(815301076,1909f56bfc062723c751e8b465ee728b)  -> (artifact id: 'd5dcdf40cc41be3e35e1286026e13e60') in 0.005958 seconds 
  Import took 0.008643 seconds .

========================================================================
Received Import Request.
  Time since last request: 73.295602 seconds.
  path: Assets/Prefab
  artifactKey: Guid(ad7ffc2e3b1709e4184b7cee980036eb) Importer(815301076,1909f56bfc062723c751e8b465ee728b)
Start importing Assets/Prefab using Guid(ad7ffc2e3b1709e4184b7cee980036eb) Importer(815301076,1909f56bfc062723c751e8b465ee728b)  -> (artifact id: 'ee0a75b746e31ddf47a3a022227325f6') in 0.006734 seconds 
  Import took 0.043382 seconds .

